<?xml version="1.0" encoding="UTF-8"?>
<!-- Generated by org.testng.reporters.JUnitXMLReporter -->
<testsuite ignored="0" hostname="Abhishek" failures="1" tests="4" name="Testpractise" time="0.055" errors="0" timestamp="2022-09-06T19:52:55 IST">
  <testcase classname="testclass.TestNGpractise" name="TestC" time="0.006"/>
  <testcase classname="testclass.TestNGpractise" name="TestA" time="0.001"/>
  <testcase classname="testclass.TestNGpractise" name="TestD" time="0.003">
    <failure type="java.lang.AssertionError" message="null">
      <![CDATA[java.lang.AssertionError: null
at testclass.TestNGpractise.TestD(TestNGpractise.java:57)
at java.base/java.util.ArrayList.forEach(ArrayList.java:1511)
... Removed 29 stack frames]]>
    </failure>
  </testcase> <!-- TestD -->
  <testcase classname="testclass.TestNGpractise" name="TestB" time="0.001"/>
</testsuite> <!-- Testpractise -->
